minimum length: 100
maximum length: 4476411
[0,10000]: 6.428190671450537e-05
[10000,20000]: 1.5816504356740134e-05
[20000,30000]: 6.679138903126601e-06
[30000,40000]: 3.5653511019989747e-06
[40000,50000]: 2.2977960020502307e-06
[50000,60000]: 1.530497180932855e-06
[60000,70000]: 1.0820092260379293e-06
[70000,80000]: 7.980522808815992e-07
[80000,90000]: 6.01742696053306e-07
[90000,100000]: 4.838544336237826e-07
[100000,110000]: 3.9518195797027166e-07
[110000,120000]: 2.998462327011789e-07
[120000,130000]: 2.573039466940031e-07
[130000,140000]: 2.1271143003587905e-07
[140000,150000]: 1.8247052793439261e-07
[150000,160000]: 1.3787801127626858e-07
[160000,170000]: 1.2608918503331626e-07
[170000,180000]: 1.0404920553562275e-07
[180000,190000]: 8.252178370066633e-08
[190000,200000]: 8.918503331624808e-08
[200000,210000]: 6.09943618657099e-08
[210000,220000]: 5.2793439261916966e-08
[220000,230000]: 4.86929779600205e-08
[230000,240000]: 5.330599692465402e-08
[240000,250000]: 3.997949769349052e-08
[250000,260000]: 3.4853921066119935e-08
[260000,270000]: 3.229113275243465e-08
[270000,280000]: 2.92157867760123e-08
[280000,290000]: 2.5627883136852895e-08
[290000,300000]: 2.8190671450538183e-08
[300000,310000]: 2.5627883136852895e-08
[310000,320000]: 2.3577652485904665e-08
[320000,330000]: 2.255253716043055e-08
[330000,340000]: 1.6401845207585856e-08
[340000,350000]: 1.4864172219374678e-08
[350000,360000]: 1.4351614556637622e-08
[360000,370000]: 1.6401845207585856e-08
[370000,380000]: 1.1788826242952332e-08
[380000,390000]: 1.3839056893900564e-08
[390000,400000]: 1.7426960533059967e-08
[400000,410000]: 1.6401845207585856e-08
[410000,420000]: 1.5889287544848795e-08
[420000,430000]: 1.2301383905689388e-08
[430000,440000]: 1.5376729882111737e-08
[440000,450000]: 9.7385955920041e-09
[450000,460000]: 8.200922603792928e-09
[460000,470000]: 1.0251153254741158e-08
[470000,480000]: 1.1788826242952332e-08
[480000,490000]: 1.0763710917478216e-08
[490000,500000]: 1.0763710917478216e-08
[500000,510000]: 8.713480266529984e-09
[510000,520000]: 6.6632496155817526e-09
[520000,530000]: 3.075345976422347e-09
[530000,540000]: 4.6130189646335215e-09
[540000,550000]: 4.6130189646335215e-09
[550000,560000]: 5.6381342901076374e-09
[560000,570000]: 5.6381342901076374e-09
[570000,580000]: 4.100461301896464e-09
[580000,590000]: 4.100461301896464e-09
[590000,600000]: 5.6381342901076374e-09
[600000,610000]: 4.6130189646335215e-09
[610000,620000]: 5.125576627370579e-09
[620000,630000]: 4.6130189646335215e-09
[630000,640000]: 3.5879036391594055e-09
[640000,650000]: 2.5627883136852895e-09
[650000,660000]: 4.6130189646335215e-09
[660000,670000]: 3.5879036391594055e-09
[670000,680000]: 2.5627883136852895e-09
[680000,690000]: 4.6130189646335215e-09
[690000,700000]: 4.6130189646335215e-09
[700000,710000]: 4.100461301896464e-09
[710000,720000]: 4.6130189646335215e-09
[720000,730000]: 4.100461301896464e-09
[730000,740000]: 4.100461301896464e-09
[740000,750000]: 1.5376729882111735e-09
[750000,760000]: 4.100461301896464e-09
[760000,770000]: 3.075345976422347e-09
[770000,780000]: 4.6130189646335215e-09
[780000,790000]: 2.5627883136852895e-09
[790000,800000]: 5.12557662737058e-10
[800000,810000]: 2.5627883136852895e-09
[810000,820000]: 3.5879036391594055e-09
[820000,830000]: 1.5376729882111735e-09
[830000,840000]: 2.050230650948232e-09
[840000,850000]: 5.12557662737058e-10
[850000,860000]: 1.5376729882111735e-09
[860000,870000]: 2.050230650948232e-09
[870000,880000]: 1.5376729882111735e-09
[880000,890000]: 1.5376729882111735e-09
[890000,900000]: 1.025115325474116e-09
[900000,910000]: 1.025115325474116e-09
[910000,920000]: 1.5376729882111735e-09
[920000,930000]: 1.025115325474116e-09
[930000,940000]: 5.12557662737058e-10
[940000,950000]: 1.5376729882111735e-09
[950000,960000]: 1.025115325474116e-09
[960000,970000]: 2.5627883136852895e-09
[970000,980000]: 1.025115325474116e-09
[980000,990000]: 2.050230650948232e-09
[990000,1000000]: 2.050230650948232e-09
[1000000,1010000]: 2.5627883136852895e-09
[1010000,1020000]: 2.5627883136852895e-09
[1030000,1040000]: 2.050230650948232e-09
[1040000,1050000]: 2.050230650948232e-09
[1050000,1060000]: 5.12557662737058e-10
[1060000,1070000]: 2.050230650948232e-09
[1070000,1080000]: 1.025115325474116e-09
[1080000,1090000]: 1.5376729882111735e-09
[1090000,1100000]: 1.5376729882111735e-09
[1100000,1110000]: 2.050230650948232e-09
[1120000,1130000]: 1.025115325474116e-09
[1130000,1140000]: 1.5376729882111735e-09
[1140000,1150000]: 1.025115325474116e-09
[1150000,1160000]: 5.12557662737058e-10
[1160000,1170000]: 5.12557662737058e-10
[1170000,1180000]: 2.050230650948232e-09
[1180000,1190000]: 1.025115325474116e-09
[1190000,1200000]: 1.5376729882111735e-09
[1200000,1210000]: 1.5376729882111735e-09
[1220000,1230000]: 1.025115325474116e-09
[1240000,1250000]: 5.12557662737058e-10
[1250000,1260000]: 1.5376729882111735e-09
[1260000,1270000]: 2.050230650948232e-09
[1280000,1290000]: 1.025115325474116e-09
[1290000,1300000]: 5.12557662737058e-10
[1300000,1310000]: 5.12557662737058e-10
[1310000,1320000]: 1.5376729882111735e-09
[1320000,1330000]: 1.025115325474116e-09
[1330000,1340000]: 1.025115325474116e-09
[1350000,1360000]: 5.12557662737058e-10
[1360000,1370000]: 5.12557662737058e-10
[1370000,1380000]: 5.12557662737058e-10
[1380000,1390000]: 1.025115325474116e-09
[1390000,1400000]: 1.025115325474116e-09
[1410000,1420000]: 1.025115325474116e-09
[1420000,1430000]: 5.12557662737058e-10
[1430000,1440000]: 2.050230650948232e-09
[1450000,1460000]: 1.025115325474116e-09
[1460000,1470000]: 5.12557662737058e-10
[1480000,1490000]: 1.025115325474116e-09
[1490000,1500000]: 5.12557662737058e-10
[1510000,1520000]: 1.025115325474116e-09
[1520000,1530000]: 1.5376729882111735e-09
[1530000,1540000]: 5.12557662737058e-10
[1560000,1570000]: 1.025115325474116e-09
[1570000,1580000]: 1.025115325474116e-09
[1580000,1590000]: 5.12557662737058e-10
[1600000,1610000]: 5.12557662737058e-10
[1610000,1620000]: 1.5376729882111735e-09
[1620000,1630000]: 2.050230650948232e-09
[1630000,1640000]: 5.12557662737058e-10
[1660000,1670000]: 1.025115325474116e-09
[1670000,1680000]: 1.5376729882111735e-09
[1680000,1690000]: 1.025115325474116e-09
[1690000,1700000]: 5.12557662737058e-10
[1700000,1710000]: 1.025115325474116e-09
[1720000,1730000]: 1.5376729882111735e-09
[1730000,1740000]: 1.025115325474116e-09
[1760000,1770000]: 5.12557662737058e-10
[1790000,1800000]: 5.12557662737058e-10
[1800000,1810000]: 1.5376729882111735e-09
[1810000,1820000]: 5.12557662737058e-10
[1820000,1830000]: 1.025115325474116e-09
[1840000,1850000]: 5.12557662737058e-10
[1870000,1880000]: 5.12557662737058e-10
[1890000,1900000]: 5.12557662737058e-10
[1930000,1940000]: 1.025115325474116e-09
[1940000,1950000]: 5.12557662737058e-10
[1980000,1990000]: 5.12557662737058e-10
[1990000,2000000]: 5.12557662737058e-10
[2020000,2030000]: 5.12557662737058e-10
[2030000,2040000]: 5.12557662737058e-10
[2050000,2060000]: 5.12557662737058e-10
[2060000,2070000]: 5.12557662737058e-10
[2070000,2080000]: 5.12557662737058e-10
[2110000,2120000]: 1.5376729882111735e-09
[2120000,2130000]: 5.12557662737058e-10
[2160000,2170000]: 5.12557662737058e-10
[2170000,2180000]: 5.12557662737058e-10
[2190000,2200000]: 1.025115325474116e-09
[2210000,2220000]: 5.12557662737058e-10
[2230000,2240000]: 1.025115325474116e-09
[2240000,2250000]: 1.025115325474116e-09
[2260000,2270000]: 1.5376729882111735e-09
[2280000,2290000]: 5.12557662737058e-10
[2290000,2300000]: 1.025115325474116e-09
[2320000,2330000]: 5.12557662737058e-10
[2340000,2350000]: 5.12557662737058e-10
[2360000,2370000]: 5.12557662737058e-10
[2370000,2380000]: 1.025115325474116e-09
[2380000,2390000]: 5.12557662737058e-10
[2420000,2430000]: 5.12557662737058e-10
[2490000,2500000]: 5.12557662737058e-10
[2500000,2510000]: 5.12557662737058e-10
[2520000,2530000]: 5.12557662737058e-10
[2550000,2560000]: 5.12557662737058e-10
[2570000,2580000]: 5.12557662737058e-10
[2620000,2630000]: 5.12557662737058e-10
[2630000,2640000]: 1.5376729882111735e-09
[2640000,2650000]: 5.12557662737058e-10
[2710000,2720000]: 1.025115325474116e-09
[2730000,2740000]: 5.12557662737058e-10
[2760000,2770000]: 5.12557662737058e-10
[2790000,2800000]: 5.12557662737058e-10
[2830000,2840000]: 5.12557662737058e-10
[2850000,2860000]: 5.12557662737058e-10
[2930000,2940000]: 5.12557662737058e-10
[2940000,2950000]: 5.12557662737058e-10
[2950000,2960000]: 5.12557662737058e-10
[2960000,2970000]: 5.12557662737058e-10
[3010000,3020000]: 1.025115325474116e-09
[3080000,3090000]: 5.12557662737058e-10
[3110000,3120000]: 5.12557662737058e-10
[3160000,3170000]: 5.12557662737058e-10
[3180000,3190000]: 5.12557662737058e-10
[3220000,3230000]: 5.12557662737058e-10
[3250000,3260000]: 5.12557662737058e-10
[3270000,3280000]: 5.12557662737058e-10
[3350000,3360000]: 5.12557662737058e-10
[3390000,3400000]: 5.12557662737058e-10
[3470000,3480000]: 5.12557662737058e-10
[3500000,3510000]: 5.12557662737058e-10
[3530000,3540000]: 5.12557662737058e-10
[3780000,3790000]: 5.12557662737058e-10
[3900000,3910000]: 5.12557662737058e-10
[4120000,4130000]: 5.12557662737058e-10
[4270000,4280000]: 5.12557662737058e-10
[4460000,4470000]: 5.12557662737058e-10
[4470000,4480000]: 5.12557662737058e-10
